<?xml version="1.0" encoding="UTF-8"?>
<!-- Generated by org.testng.reporters.JUnitReportReporter -->
<testsuite hostname="Sarawat" failures="0" tests="3" name="com.facebook.loginTests.LoginFunctionalTest" time="0.263" errors="0" timestamp="2023-10-22T23:22:34 EDT" skipped="0">
  <testcase classname="com.facebook.loginTests.LoginFunctionalTest" name="userNameTest" time="0.107"/>
  <system-out/>
  <testcase classname="com.facebook.loginTests.LoginFunctionalTest" name="passwordTest" time="0.091"/>
  <system-out/>
  <testcase classname="com.facebook.loginTests.LoginFunctionalTest" name="loginButtonTest" time="0.065"/>
  <system-out/>
</testsuite> <!-- com.facebook.loginTests.LoginFunctionalTest -->
